
> bressel-padel@1.0.0 dev
> vite


  VITE v6.4.1  ready in 195 ms

  ➜  Local:   http://localhost:5173/
  ➜  Network: use --host to expose
3:12:35 PM [vite] page reload front-page.php
3:12:35 PM [vite] (client) page reload front-page.php
3:27:31 PM [vite] page reload front-page.php
3:27:31 PM [vite] (client) page reload front-page.php
3:59:21 PM [vite] (client) hmr update /main.css?direct, /main.css
4:02:05 PM [vite] (client) hmr update /main.css?direct, /main.css
4:03:07 PM [vite] (client) hmr update /main.css?direct, /main.css
4:03:11 PM [vite] (client) hmr update /main.css?direct, /main.css
4:03:15 PM [vite] page reload header.php
4:03:15 PM [vite] (client) page reload header.php
4:03:15 PM [vite] (client) hmr update /main.css?direct, /main.css
4:03:19 PM [vite] (client) hmr update /main.css?direct, /main.css
4:03:24 PM [vite] page reload footer.php
4:03:24 PM [vite] (client) page reload footer.php
4:03:28 PM [vite] page reload front-page.php
4:03:28 PM [vite] (client) page reload front-page.php
4:03:38 PM [vite] (client) hmr update /main.css?direct, /main.css
4:23:59 PM [vite] page reload header.php
4:23:59 PM [vite] (client) page reload header.php
4:29:44 PM [vite] page reload header.php
4:29:44 PM [vite] (client) page reload header.php
4:52:18 PM [vite] page reload header.php
4:52:18 PM [vite] (client) page reload header.php
4:54:19 PM [vite] page reload components/hero-banner.php
4:54:19 PM [vite] (client) page reload components/hero-banner.php
4:55:36 PM [vite] page reload front-page.php
4:55:36 PM [vite] (client) page reload front-page.php
4:55:53 PM [vite] page reload front-page.php
4:55:53 PM [vite] (client) page reload front-page.php
4:56:08 PM [vite] page reload front-page.php
4:56:08 PM [vite] (client) page reload front-page.php
4:56:30 PM [vite] page reload header.php
4:56:30 PM [vite] (client) page reload header.php
4:56:34 PM [vite] page reload header.php
4:56:34 PM [vite] (client) page reload header.php
4:56:36 PM [vite] page reload header.php
4:56:36 PM [vite] (client) page reload header.php
4:56:40 PM [vite] page reload header.php
4:56:40 PM [vite] (client) page reload header.php
4:59:07 PM [vite] page reload header.php
4:59:07 PM [vite] (client) page reload header.php
5:11:40 PM [vite] page reload footer.php
5:11:40 PM [vite] (client) page reload footer.php
5:11:46 PM [vite] page reload footer.php
5:11:46 PM [vite] (client) page reload footer.php
5:11:50 PM [vite] page reload footer.php
5:11:50 PM [vite] (client) page reload footer.php
5:11:55 PM [vite] page reload footer.php
5:11:55 PM [vite] (client) page reload footer.php
5:11:59 PM [vite] page reload footer.php
5:11:59 PM [vite] (client) page reload footer.php
5:12:19 PM [vite] page reload footer.php
5:12:19 PM [vite] (client) page reload footer.php
5:12:25 PM [vite] page reload footer.php
5:12:25 PM [vite] (client) page reload footer.php
5:12:35 PM [vite] page reload footer.php
5:12:35 PM [vite] (client) page reload footer.php
5:12:41 PM [vite] page reload footer.php
5:12:41 PM [vite] (client) page reload footer.php
5:12:46 PM [vite] page reload footer.php
5:12:46 PM [vite] (client) page reload footer.php
5:12:50 PM [vite] page reload footer.php
5:12:50 PM [vite] (client) page reload footer.php
5:14:39 PM [vite] page reload front-page.php
5:14:39 PM [vite] (client) page reload front-page.php
5:14:57 PM [vite] page reload front-page.php
5:14:57 PM [vite] (client) page reload front-page.php
5:15:31 PM [vite] page reload front-page.php
5:15:31 PM [vite] (client) page reload front-page.php
5:15:42 PM [vite] page reload front-page.php
5:15:42 PM [vite] (client) page reload front-page.php
5:15:47 PM [vite] (client) hmr update /main.css?direct, /main.css
5:15:47 PM [vite] (client) hmr update /main.css?direct, /main.css
5:15:47 PM [vite] (client) hmr update /main.css?direct, /main.css
5:15:47 PM [vite] (client) hmr update /main.css?direct, /main.css
5:15:47 PM [vite] (client) hmr update /main.css?direct, /main.css
5:15:47 PM [vite] Internal server error: ENOENT: no such file or directory, open '/home/matsu/Desktop/wp_bressel/twentytwentyfour-bressel/assets/svg/placeholder-court.svg'
  Plugin: vite:css-analysis
  File: /home/matsu/Desktop/wp_bressel/twentytwentyfour-bressel/main.css?direct
      at async open (node:internal/fs/promises:639:25)
      at async Object.readFile (node:internal/fs/promises:1243:14)
      at async fileToDevUrl (file:///home/matsu/Desktop/wp_bressel/twentytwentyfour-bressel/node_modules/vite/dist/node/chunks/dep-D4NMHUTW.js:10500:21)
      at async TransformPluginContext.handler (file:///home/matsu/Desktop/wp_bressel/twentytwentyfour-bressel/node_modules/vite/dist/node/chunks/dep-D4NMHUTW.js:43496:29)
      at async EnvironmentPluginContainer.transform (file:///home/matsu/Desktop/wp_bressel/twentytwentyfour-bressel/node_modules/vite/dist/node/chunks/dep-D4NMHUTW.js:42323:18)
      at async loadAndTransform (file:///home/matsu/Desktop/wp_bressel/twentytwentyfour-bressel/node_modules/vite/dist/node/chunks/dep-D4NMHUTW.js:35739:27)
      at async viteTransformMiddleware (file:///home/matsu/Desktop/wp_bressel/twentytwentyfour-bressel/node_modules/vite/dist/node/chunks/dep-D4NMHUTW.js:37254:24)
5:15:47 PM [vite] Internal server error: ENOENT: no such file or directory, open '/home/matsu/Desktop/wp_bressel/twentytwentyfour-bressel/assets/svg/placeholder-court.svg'
  Plugin: vite:css-analysis
  File: /home/matsu/Desktop/wp_bressel/twentytwentyfour-bressel/main.css
      at async open (node:internal/fs/promises:639:25)
      at async Object.readFile (node:internal/fs/promises:1243:14)
      at async fileToDevUrl (file:///home/matsu/Desktop/wp_bressel/twentytwentyfour-bressel/node_modules/vite/dist/node/chunks/dep-D4NMHUTW.js:10500:21)
      at async TransformPluginContext.handler (file:///home/matsu/Desktop/wp_bressel/twentytwentyfour-bressel/node_modules/vite/dist/node/chunks/dep-D4NMHUTW.js:43496:29)
      at async EnvironmentPluginContainer.transform (file:///home/matsu/Desktop/wp_bressel/twentytwentyfour-bressel/node_modules/vite/dist/node/chunks/dep-D4NMHUTW.js:42323:18)
      at async loadAndTransform (file:///home/matsu/Desktop/wp_bressel/twentytwentyfour-bressel/node_modules/vite/dist/node/chunks/dep-D4NMHUTW.js:35739:27)
      at async viteTransformMiddleware (file:///home/matsu/Desktop/wp_bressel/twentytwentyfour-bressel/node_modules/vite/dist/node/chunks/dep-D4NMHUTW.js:37254:24)
5:15:47 PM [vite] Internal server error: ENOENT: no such file or directory, open '/home/matsu/Desktop/wp_bressel/twentytwentyfour-bressel/assets/svg/placeholder-court.svg'
  Plugin: vite:css-analysis
  File: /home/matsu/Desktop/wp_bressel/twentytwentyfour-bressel/main.css
      at async open (node:internal/fs/promises:639:25)
      at async Object.readFile (node:internal/fs/promises:1243:14)
      at async fileToDevUrl (file:///home/matsu/Desktop/wp_bressel/twentytwentyfour-bressel/node_modules/vite/dist/node/chunks/dep-D4NMHUTW.js:10500:21)
      at async TransformPluginContext.handler (file:///home/matsu/Desktop/wp_bressel/twentytwentyfour-bressel/node_modules/vite/dist/node/chunks/dep-D4NMHUTW.js:43496:29)
      at async EnvironmentPluginContainer.transform (file:///home/matsu/Desktop/wp_bressel/twentytwentyfour-bressel/node_modules/vite/dist/node/chunks/dep-D4NMHUTW.js:42323:18)
      at async loadAndTransform (file:///home/matsu/Desktop/wp_bressel/twentytwentyfour-bressel/node_modules/vite/dist/node/chunks/dep-D4NMHUTW.js:35739:27)
      at async viteTransformMiddleware (file:///home/matsu/Desktop/wp_bressel/twentytwentyfour-bressel/node_modules/vite/dist/node/chunks/dep-D4NMHUTW.js:37254:24)
5:15:47 PM [vite] Internal server error: ENOENT: no such file or directory, open '/home/matsu/Desktop/wp_bressel/twentytwentyfour-bressel/assets/svg/placeholder-court.svg'
  Plugin: vite:css-analysis
  File: /home/matsu/Desktop/wp_bressel/twentytwentyfour-bressel/main.css?direct
      at async open (node:internal/fs/promises:639:25)
      at async Object.readFile (node:internal/fs/promises:1243:14)
      at async fileToDevUrl (file:///home/matsu/Desktop/wp_bressel/twentytwentyfour-bressel/node_modules/vite/dist/node/chunks/dep-D4NMHUTW.js:10500:21)
      at async TransformPluginContext.handler (file:///home/matsu/Desktop/wp_bressel/twentytwentyfour-bressel/node_modules/vite/dist/node/chunks/dep-D4NMHUTW.js:43496:29)
      at async EnvironmentPluginContainer.transform (file:///home/matsu/Desktop/wp_bressel/twentytwentyfour-bressel/node_modules/vite/dist/node/chunks/dep-D4NMHUTW.js:42323:18)
      at async loadAndTransform (file:///home/matsu/Desktop/wp_bressel/twentytwentyfour-bressel/node_modules/vite/dist/node/chunks/dep-D4NMHUTW.js:35739:27)
      at async viteTransformMiddleware (file:///home/matsu/Desktop/wp_bressel/twentytwentyfour-bressel/node_modules/vite/dist/node/chunks/dep-D4NMHUTW.js:37254:24)
5:15:47 PM [vite] Internal server error: ENOENT: no such file or directory, open '/home/matsu/Desktop/wp_bressel/twentytwentyfour-bressel/assets/svg/placeholder-court.svg'
  Plugin: vite:css-analysis
  File: /home/matsu/Desktop/wp_bressel/twentytwentyfour-bressel/main.css?direct
      at async open (node:internal/fs/promises:639:25)
      at async Object.readFile (node:internal/fs/promises:1243:14)
      at async fileToDevUrl (file:///home/matsu/Desktop/wp_bressel/twentytwentyfour-bressel/node_modules/vite/dist/node/chunks/dep-D4NMHUTW.js:10500:21)
      at async TransformPluginContext.handler (file:///home/matsu/Desktop/wp_bressel/twentytwentyfour-bressel/node_modules/vite/dist/node/chunks/dep-D4NMHUTW.js:43496:29)
      at async EnvironmentPluginContainer.transform (file:///home/matsu/Desktop/wp_bressel/twentytwentyfour-bressel/node_modules/vite/dist/node/chunks/dep-D4NMHUTW.js:42323:18)
      at async loadAndTransform (file:///home/matsu/Desktop/wp_bressel/twentytwentyfour-bressel/node_modules/vite/dist/node/chunks/dep-D4NMHUTW.js:35739:27)
      at async viteTransformMiddleware (file:///home/matsu/Desktop/wp_bressel/twentytwentyfour-bressel/node_modules/vite/dist/node/chunks/dep-D4NMHUTW.js:37254:24)
5:15:47 PM [vite] Internal server error: ENOENT: no such file or directory, open '/home/matsu/Desktop/wp_bressel/twentytwentyfour-bressel/assets/svg/placeholder-court.svg'
  Plugin: vite:css-analysis
  File: /home/matsu/Desktop/wp_bressel/twentytwentyfour-bressel/main.css?direct
      at async open (node:internal/fs/promises:639:25)
      at async Object.readFile (node:internal/fs/promises:1243:14)
      at async fileToDevUrl (file:///home/matsu/Desktop/wp_bressel/twentytwentyfour-bressel/node_modules/vite/dist/node/chunks/dep-D4NMHUTW.js:10500:21)
      at async TransformPluginContext.handler (file:///home/matsu/Desktop/wp_bressel/twentytwentyfour-bressel/node_modules/vite/dist/node/chunks/dep-D4NMHUTW.js:43496:29)
      at async EnvironmentPluginContainer.transform (file:///home/matsu/Desktop/wp_bressel/twentytwentyfour-bressel/node_modules/vite/dist/node/chunks/dep-D4NMHUTW.js:42323:18)
      at async loadAndTransform (file:///home/matsu/Desktop/wp_bressel/twentytwentyfour-bressel/node_modules/vite/dist/node/chunks/dep-D4NMHUTW.js:35739:27)
      at async viteTransformMiddleware (file:///home/matsu/Desktop/wp_bressel/twentytwentyfour-bressel/node_modules/vite/dist/node/chunks/dep-D4NMHUTW.js:37254:24)
5:15:47 PM [vite] Internal server error: ENOENT: no such file or directory, open '/home/matsu/Desktop/wp_bressel/twentytwentyfour-bressel/assets/svg/placeholder-court.svg'
  Plugin: vite:css-analysis
  File: /home/matsu/Desktop/wp_bressel/twentytwentyfour-bressel/main.css
      at async open (node:internal/fs/promises:639:25)
      at async Object.readFile (node:internal/fs/promises:1243:14)
      at async fileToDevUrl (file:///home/matsu/Desktop/wp_bressel/twentytwentyfour-bressel/node_modules/vite/dist/node/chunks/dep-D4NMHUTW.js:10500:21)
      at async TransformPluginContext.handler (file:///home/matsu/Desktop/wp_bressel/twentytwentyfour-bressel/node_modules/vite/dist/node/chunks/dep-D4NMHUTW.js:43496:29)
      at async EnvironmentPluginContainer.transform (file:///home/matsu/Desktop/wp_bressel/twentytwentyfour-bressel/node_modules/vite/dist/node/chunks/dep-D4NMHUTW.js:42323:18)
      at async loadAndTransform (file:///home/matsu/Desktop/wp_bressel/twentytwentyfour-bressel/node_modules/vite/dist/node/chunks/dep-D4NMHUTW.js:35739:27)
      at async viteTransformMiddleware (file:///home/matsu/Desktop/wp_bressel/twentytwentyfour-bressel/node_modules/vite/dist/node/chunks/dep-D4NMHUTW.js:37254:24)
5:15:47 PM [vite] Internal server error: ENOENT: no such file or directory, open '/home/matsu/Desktop/wp_bressel/twentytwentyfour-bressel/assets/svg/placeholder-court.svg'
  Plugin: vite:css-analysis
  File: /home/matsu/Desktop/wp_bressel/twentytwentyfour-bressel/main.css?direct
      at async open (node:internal/fs/promises:639:25)
      at async Object.readFile (node:internal/fs/promises:1243:14)
      at async fileToDevUrl (file:///home/matsu/Desktop/wp_bressel/twentytwentyfour-bressel/node_modules/vite/dist/node/chunks/dep-D4NMHUTW.js:10500:21)
      at async TransformPluginContext.handler (file:///home/matsu/Desktop/wp_bressel/twentytwentyfour-bressel/node_modules/vite/dist/node/chunks/dep-D4NMHUTW.js:43496:29)
      at async EnvironmentPluginContainer.transform (file:///home/matsu/Desktop/wp_bressel/twentytwentyfour-bressel/node_modules/vite/dist/node/chunks/dep-D4NMHUTW.js:42323:18)
      at async loadAndTransform (file:///home/matsu/Desktop/wp_bressel/twentytwentyfour-bressel/node_modules/vite/dist/node/chunks/dep-D4NMHUTW.js:35739:27)
      at async viteTransformMiddleware (file:///home/matsu/Desktop/wp_bressel/twentytwentyfour-bressel/node_modules/vite/dist/node/chunks/dep-D4NMHUTW.js:37254:24)
5:15:53 PM [vite] Internal server error: ENOENT: no such file or directory, open '/home/matsu/Desktop/wp_bressel/twentytwentyfour-bressel/assets/svg/placeholder-court.svg'
  Plugin: vite:css-analysis
  File: /home/matsu/Desktop/wp_bressel/twentytwentyfour-bressel/main.css?direct
      at async open (node:internal/fs/promises:639:25)
      at async Object.readFile (node:internal/fs/promises:1243:14)
      at async fileToDevUrl (file:///home/matsu/Desktop/wp_bressel/twentytwentyfour-bressel/node_modules/vite/dist/node/chunks/dep-D4NMHUTW.js:10500:21)
      at async TransformPluginContext.handler (file:///home/matsu/Desktop/wp_bressel/twentytwentyfour-bressel/node_modules/vite/dist/node/chunks/dep-D4NMHUTW.js:43496:29)
      at async EnvironmentPluginContainer.transform (file:///home/matsu/Desktop/wp_bressel/twentytwentyfour-bressel/node_modules/vite/dist/node/chunks/dep-D4NMHUTW.js:42323:18)
      at async loadAndTransform (file:///home/matsu/Desktop/wp_bressel/twentytwentyfour-bressel/node_modules/vite/dist/node/chunks/dep-D4NMHUTW.js:35739:27)
      at async viteTransformMiddleware (file:///home/matsu/Desktop/wp_bressel/twentytwentyfour-bressel/node_modules/vite/dist/node/chunks/dep-D4NMHUTW.js:37254:24)
5:15:53 PM [vite] (client) Pre-transform error: ENOENT: no such file or directory, open '/home/matsu/Desktop/wp_bressel/twentytwentyfour-bressel/assets/svg/placeholder-court.svg'
  Plugin: vite:css-analysis
  File: /home/matsu/Desktop/wp_bressel/twentytwentyfour-bressel/main.css
5:15:53 PM [vite] Internal server error: ENOENT: no such file or directory, open '/home/matsu/Desktop/wp_bressel/twentytwentyfour-bressel/assets/svg/placeholder-court.svg'
  Plugin: vite:css-analysis
  File: /home/matsu/Desktop/wp_bressel/twentytwentyfour-bressel/main.css
      at async open (node:internal/fs/promises:639:25)
      at async Object.readFile (node:internal/fs/promises:1243:14)
      at async fileToDevUrl (file:///home/matsu/Desktop/wp_bressel/twentytwentyfour-bressel/node_modules/vite/dist/node/chunks/dep-D4NMHUTW.js:10500:21)
      at async TransformPluginContext.handler (file:///home/matsu/Desktop/wp_bressel/twentytwentyfour-bressel/node_modules/vite/dist/node/chunks/dep-D4NMHUTW.js:43496:29)
      at async EnvironmentPluginContainer.transform (file:///home/matsu/Desktop/wp_bressel/twentytwentyfour-bressel/node_modules/vite/dist/node/chunks/dep-D4NMHUTW.js:42323:18)
      at async loadAndTransform (file:///home/matsu/Desktop/wp_bressel/twentytwentyfour-bressel/node_modules/vite/dist/node/chunks/dep-D4NMHUTW.js:35739:27)
      at async viteTransformMiddleware (file:///home/matsu/Desktop/wp_bressel/twentytwentyfour-bressel/node_modules/vite/dist/node/chunks/dep-D4NMHUTW.js:37254:24)
5:16:32 PM [vite] page reload front-page.php
5:16:32 PM [vite] (client) page reload front-page.php
5:16:32 PM [vite] Internal server error: ENOENT: no such file or directory, open '/home/matsu/Desktop/wp_bressel/twentytwentyfour-bressel/assets/svg/placeholder-court.svg'
  Plugin: vite:css-analysis
  File: /home/matsu/Desktop/wp_bressel/twentytwentyfour-bressel/main.css?direct
      at async open (node:internal/fs/promises:639:25)
      at async Object.readFile (node:internal/fs/promises:1243:14)
      at async fileToDevUrl (file:///home/matsu/Desktop/wp_bressel/twentytwentyfour-bressel/node_modules/vite/dist/node/chunks/dep-D4NMHUTW.js:10500:21)
      at async TransformPluginContext.handler (file:///home/matsu/Desktop/wp_bressel/twentytwentyfour-bressel/node_modules/vite/dist/node/chunks/dep-D4NMHUTW.js:43496:29)
      at async EnvironmentPluginContainer.transform (file:///home/matsu/Desktop/wp_bressel/twentytwentyfour-bressel/node_modules/vite/dist/node/chunks/dep-D4NMHUTW.js:42323:18)
      at async loadAndTransform (file:///home/matsu/Desktop/wp_bressel/twentytwentyfour-bressel/node_modules/vite/dist/node/chunks/dep-D4NMHUTW.js:35739:27)
      at async viteTransformMiddleware (file:///home/matsu/Desktop/wp_bressel/twentytwentyfour-bressel/node_modules/vite/dist/node/chunks/dep-D4NMHUTW.js:37254:24)
5:16:32 PM [vite] (client) Pre-transform error: ENOENT: no such file or directory, open '/home/matsu/Desktop/wp_bressel/twentytwentyfour-bressel/assets/svg/placeholder-court.svg'
  Plugin: vite:css-analysis
  File: /home/matsu/Desktop/wp_bressel/twentytwentyfour-bressel/main.css
5:16:32 PM [vite] Internal server error: ENOENT: no such file or directory, open '/home/matsu/Desktop/wp_bressel/twentytwentyfour-bressel/assets/svg/placeholder-court.svg'
  Plugin: vite:css-analysis
  File: /home/matsu/Desktop/wp_bressel/twentytwentyfour-bressel/main.css
      at async open (node:internal/fs/promises:639:25)
      at async Object.readFile (node:internal/fs/promises:1243:14)
      at async fileToDevUrl (file:///home/matsu/Desktop/wp_bressel/twentytwentyfour-bressel/node_modules/vite/dist/node/chunks/dep-D4NMHUTW.js:10500:21)
      at async TransformPluginContext.handler (file:///home/matsu/Desktop/wp_bressel/twentytwentyfour-bressel/node_modules/vite/dist/node/chunks/dep-D4NMHUTW.js:43496:29)
      at async EnvironmentPluginContainer.transform (file:///home/matsu/Desktop/wp_bressel/twentytwentyfour-bressel/node_modules/vite/dist/node/chunks/dep-D4NMHUTW.js:42323:18)
      at async loadAndTransform (file:///home/matsu/Desktop/wp_bressel/twentytwentyfour-bressel/node_modules/vite/dist/node/chunks/dep-D4NMHUTW.js:35739:27)
      at async viteTransformMiddleware (file:///home/matsu/Desktop/wp_bressel/twentytwentyfour-bressel/node_modules/vite/dist/node/chunks/dep-D4NMHUTW.js:37254:24)
5:16:46 PM [vite] Internal server error: ENOENT: no such file or directory, open '/home/matsu/Desktop/wp_bressel/twentytwentyfour-bressel/assets/svg/placeholder-court.svg'
  Plugin: vite:css-analysis
  File: /home/matsu/Desktop/wp_bressel/twentytwentyfour-bressel/main.css?direct
      at async open (node:internal/fs/promises:639:25)
      at async Object.readFile (node:internal/fs/promises:1243:14)
      at async fileToDevUrl (file:///home/matsu/Desktop/wp_bressel/twentytwentyfour-bressel/node_modules/vite/dist/node/chunks/dep-D4NMHUTW.js:10500:21)
      at async TransformPluginContext.handler (file:///home/matsu/Desktop/wp_bressel/twentytwentyfour-bressel/node_modules/vite/dist/node/chunks/dep-D4NMHUTW.js:43496:29)
      at async EnvironmentPluginContainer.transform (file:///home/matsu/Desktop/wp_bressel/twentytwentyfour-bressel/node_modules/vite/dist/node/chunks/dep-D4NMHUTW.js:42323:18)
      at async loadAndTransform (file:///home/matsu/Desktop/wp_bressel/twentytwentyfour-bressel/node_modules/vite/dist/node/chunks/dep-D4NMHUTW.js:35739:27)
      at async viteTransformMiddleware (file:///home/matsu/Desktop/wp_bressel/twentytwentyfour-bressel/node_modules/vite/dist/node/chunks/dep-D4NMHUTW.js:37254:24)
5:16:46 PM [vite] Internal server error: ENOENT: no such file or directory, open '/home/matsu/Desktop/wp_bressel/twentytwentyfour-bressel/assets/svg/placeholder-court.svg'
  Plugin: vite:css-analysis
  File: /home/matsu/Desktop/wp_bressel/twentytwentyfour-bressel/main.css
      at async open (node:internal/fs/promises:639:25)
      at async Object.readFile (node:internal/fs/promises:1243:14)
      at async fileToDevUrl (file:///home/matsu/Desktop/wp_bressel/twentytwentyfour-bressel/node_modules/vite/dist/node/chunks/dep-D4NMHUTW.js:10500:21)
      at async TransformPluginContext.handler (file:///home/matsu/Desktop/wp_bressel/twentytwentyfour-bressel/node_modules/vite/dist/node/chunks/dep-D4NMHUTW.js:43496:29)
      at async EnvironmentPluginContainer.transform (file:///home/matsu/Desktop/wp_bressel/twentytwentyfour-bressel/node_modules/vite/dist/node/chunks/dep-D4NMHUTW.js:42323:18)
      at async loadAndTransform (file:///home/matsu/Desktop/wp_bressel/twentytwentyfour-bressel/node_modules/vite/dist/node/chunks/dep-D4NMHUTW.js:35739:27)
      at async viteTransformMiddleware (file:///home/matsu/Desktop/wp_bressel/twentytwentyfour-bressel/node_modules/vite/dist/node/chunks/dep-D4NMHUTW.js:37254:24)
5:17:16 PM [vite] (client) hmr update /main.css?direct, /main.css
5:17:38 PM [vite] page reload front-page.php
5:17:38 PM [vite] (client) page reload front-page.php
5:17:41 PM [vite] page reload front-page.php
5:17:41 PM [vite] (client) page reload front-page.php
5:17:43 PM [vite] page reload front-page.php
5:17:43 PM [vite] (client) page reload front-page.php
5:20:54 PM [vite] page reload front-page.php
5:20:54 PM [vite] (client) page reload front-page.php
5:21:04 PM [vite] page reload front-page.php
5:21:04 PM [vite] (client) page reload front-page.php
5:21:07 PM [vite] page reload front-page.php
5:21:07 PM [vite] (client) page reload front-page.php
5:21:09 PM [vite] page reload front-page.php
5:21:09 PM [vite] (client) page reload front-page.php
5:35:35 PM [vite] page reload front-page.php
5:35:35 PM [vite] (client) page reload front-page.php
5:35:42 PM [vite] page reload front-page.php
5:35:42 PM [vite] (client) page reload front-page.php
5:37:53 PM [vite] page reload front-page.php
5:37:53 PM [vite] (client) page reload front-page.php
6:59:24 PM [vite] page reload front-page.php
6:59:24 PM [vite] (client) page reload front-page.php
7:02:42 PM [vite] page reload footer.php
7:02:42 PM [vite] (client) page reload footer.php
7:03:16 PM [vite] page reload header.php
7:03:16 PM [vite] (client) page reload header.php
7:03:47 PM [vite] page reload footer.php
7:03:47 PM [vite] (client) page reload footer.php
7:03:52 PM [vite] page reload footer.php
7:03:52 PM [vite] (client) page reload footer.php
7:03:54 PM [vite] page reload footer.php
7:03:54 PM [vite] (client) page reload footer.php
7:03:56 PM [vite] page reload footer.php
7:03:56 PM [vite] (client) page reload footer.php
7:14:59 PM [vite] (client) hmr update /main.css?direct, /main.css
7:19:44 PM [vite] page reload front-page.php
7:19:44 PM [vite] (client) page reload front-page.php
7:39:04 PM [vite] (client) hmr update /main.css?direct, /main.css
7:39:18 PM [vite] (client) hmr update /main.css?direct, /main.css
7:39:19 PM [vite] (client) hmr update /main.css?direct, /main.css
7:39:25 PM [vite] (client) hmr update /main.css?direct, /main.css
7:39:27 PM [vite] (client) hmr update /main.css?direct, /main.css
7:44:08 PM [vite] page reload front-page.php
7:44:08 PM [vite] (client) page reload front-page.php
9:43:19 PM [vite] page reload front-page.php
9:43:19 PM [vite] (client) page reload front-page.php
9:46:18 PM [vite] (client) hmr update /main.css?direct, /main.css
